<?xml version="1.0" encoding="UTF-8"?>
<!-- Generated by org.testng.reporters.JUnitXMLReporter -->
<testsuite hostname="macbook-pro-de-evgeny-predein.local" name="Command line test" tests="38" failures="0" timestamp="5 Jul 2013 15:55:02 GMT" time="22.356" errors="0">
  <testcase name="testRun" time="0.0020" classname="com.apiumtech.spider.agent.AgentPaginasAmarillasEnterpriseEsTest"/>
  <testcase name="test_Name" time="0.0" classname="com.apiumtech.spider.si.AgentSiRSS_Test"/>
  <testcase name="test_getRequest_" time="0.076" classname="com.apiumtech.spider.si.AgentSiRSS_Test"/>
  <testcase name="test_start_feedRootPage" time="0.026" classname="com.apiumtech.spider.si.AgentSiRSS_Test"/>
  <testcase name="testRun" time="0.0" classname="com.apiumtech.spider.agent.AgentsManagerTest"/>
  <testcase name="testStopAgentsManager" time="0.0010" classname="com.apiumtech.spider.agent.AgentsManagerTest"/>
  <testcase name="testGetProxy" time="0.0" classname="com.apiumtech.spider.HttpDownloaderTest"/>
  <testcase name="testGetRequest" time="1.508" classname="com.apiumtech.spider.HttpDownloaderTest"/>
  <testcase name="testGetRequestBinary" time="0.0" classname="com.apiumtech.spider.HttpDownloaderTest"/>
  <testcase name="testIsInCache" time="0.0" classname="com.apiumtech.spider.HttpDownloaderTest"/>
  <testcase name="testPostRequest" time="0.0010" classname="com.apiumtech.spider.HttpDownloaderTest"/>
  <testcase name="testSetProxy" time="0.0" classname="com.apiumtech.spider.HttpDownloaderTest"/>
  <testcase name="test_getCacheFileName_url_parsedUrlWritebleToFile" time="0.0" classname="com.apiumtech.spider.HttpDownloaderTest"/>
  <testcase name="testGetTitleFromPAHtml" time="0.0010" classname="com.apiumtech.spider.parser.PaginasAmarillasFichaParserTest"/>
  <testcase name="testParseTxtToHTml" time="0.0" classname="com.apiumtech.spider.parser.PaginasAmarillasFichaParserTest"/>
  <testcase name="test_getAddressFromPAHtml" time="0.0010" classname="com.apiumtech.spider.parser.PaginasAmarillasFichaParserTest"/>
  <testcase name="test_getEnterpriseDataFromPAHtml" time="0.0050" classname="com.apiumtech.spider.parser.PaginasAmarillasFichaParserTest"/>
  <testcase name="test_getEnterpriseIdPAHtml" time="0.0010" classname="com.apiumtech.spider.parser.PaginasAmarillasFichaParserTest"/>
  <testcase name="test_getLocalityFromPAHtml" time="0.0010" classname="com.apiumtech.spider.parser.PaginasAmarillasFichaParserTest"/>
  <testcase name="test_getParamsFromPAHtml" time="0.0" classname="com.apiumtech.spider.parser.PaginasAmarillasFichaParserTest"/>
  <testcase name="test_getPhoneDataFromPAHtml" time="0.0" classname="com.apiumtech.spider.parser.PaginasAmarillasFichaParserTest"/>
  <testcase name="test_getPostalCodeFromPAHtml" time="0.0" classname="com.apiumtech.spider.parser.PaginasAmarillasFichaParserTest"/>
  <testcase name="test_getRegionFromPAHtml" time="0.0010" classname="com.apiumtech.spider.parser.PaginasAmarillasFichaParserTest"/>
  <testcase name="testParseTxtToHTml" time="0.0" classname="com.apiumtech.spider.parser.SeccionAmarillaMeFichaParserTest"/>
  <testcase name="test_getAddressFromPAHtml" time="0.0010" classname="com.apiumtech.spider.parser.SeccionAmarillaMeFichaParserTest"/>
  <testcase name="test_getCategoriaFromPAHtml" time="0.0010" classname="com.apiumtech.spider.parser.SeccionAmarillaMeFichaParserTest"/>
  <testcase name="test_getLocalityFromPAHtml" time="0.0" classname="com.apiumtech.spider.parser.SeccionAmarillaMeFichaParserTest"/>
  <testcase name="test_getPhoneFromPAHtml" time="0.0" classname="com.apiumtech.spider.parser.SeccionAmarillaMeFichaParserTest"/>
  <testcase name="test_getPostalCodeFromPAHtml" time="0.0" classname="com.apiumtech.spider.parser.SeccionAmarillaMeFichaParserTest"/>
  <testcase name="test_getTitleFromPAHtml" time="0.0" classname="com.apiumtech.spider.parser.SeccionAmarillaMeFichaParserTest"/>
  <testcase name="test_parseFaxNumber_" time="0.0" classname="com.apiumtech.spider.util.SpiderGettedFileTest"/>
  <testcase name="test_parseFaxNumber_" time="0.0010" classname="com.apiumtech.spider.util.SpiderGettedFileTest"/>
  <testcase name="test_parseFaxNumber_" time="0.0" classname="com.apiumtech.spider.util.SpiderGettedFileTest"/>
  <testcase name="test_parseFaxNumber_" time="0.0" classname="com.apiumtech.spider.util.SpiderGettedFileTest"/>
  <testcase name="test_parseFaxNumber_" time="0.0" classname="com.apiumtech.spider.util.SpiderGettedFileTest"/>
  <testcase name="test_parseFaxNumber_" time="0.0010" classname="com.apiumtech.spider.util.SpiderGettedFileTest"/>
  <testcase name="test_do" time="8.202" classname="com.apiumtech.spider.SpiderGutenbergTest"/>
  <testcase name="test_getNewsFromRSSserver_foxRSS_searchRSSfeeds" time="2.235" classname="com.apiumtech.spider.si.SpiderSiRSS_Test"/>
</testsuite> <!-- Command line test -->
