<?xml version="1.0" encoding="UTF-8"?>
<testng-results skipped="0" failed="0" total="38" passed="38">
  <reporter-output>
  </reporter-output>
  <suite name="Command line suite" duration-ms="22356" started-at="2013-07-05T15:54:39Z" finished-at="2013-07-05T15:55:02Z">
    <groups>
    </groups>
    <test name="Command line test" duration-ms="22356" started-at="2013-07-05T15:54:39Z" finished-at="2013-07-05T15:55:02Z">
      <class name="com.apiumtech.spider.si.SpiderSiRSS_Test">
        <test-method status="PASS" signature="setUp()[pri:0, instance:com.apiumtech.spider.si.SpiderSiRSS_Test@7d2452e8]" name="setUp" is-config="true" duration-ms="3297" started-at="2013-07-05T17:54:56Z" finished-at="2013-07-05T17:55:00Z">
          <reporter-output>
          </reporter-output>
        </test-method> <!-- setUp -->
        <test-method status="PASS" signature="test_getNewsFromRSSserver_foxRSS_searchRSSfeeds()[pri:0, instance:com.apiumtech.spider.si.SpiderSiRSS_Test@7d2452e8]" name="test_getNewsFromRSSserver_foxRSS_searchRSSfeeds" duration-ms="2235" started-at="2013-07-05T17:55:00Z" finished-at="2013-07-05T17:55:02Z">
          <reporter-output>
          </reporter-output>
        </test-method> <!-- test_getNewsFromRSSserver_foxRSS_searchRSSfeeds -->
      </class> <!-- com.apiumtech.spider.si.SpiderSiRSS_Test -->
      <class name="com.apiumtech.spider.util.SpiderGettedFileTest">
        <test-method status="PASS" signature="setUp()[pri:0, instance:com.apiumtech.spider.util.SpiderGettedFileTest@60961dff]" name="setUp" is-config="true" duration-ms="2" started-at="2013-07-05T17:54:41Z" finished-at="2013-07-05T17:54:41Z">
          <reporter-output>
          </reporter-output>
        </test-method> <!-- setUp -->
        <test-method status="PASS" signature="test_parseFaxNumber_(java.lang.String)[pri:0, instance:com.apiumtech.spider.util.SpiderGettedFileTest@60961dff]" name="test_parseFaxNumber_" duration-ms="0" started-at="2013-07-05T17:54:41Z" data-provider="faxes" finished-at="2013-07-05T17:54:41Z">
          <params>
            <param index="0">
              <value>
                <![CDATA[(+34) 93 437 16 28]]>
              </value>
            </param>
          </params>
          <reporter-output>
          </reporter-output>
        </test-method> <!-- test_parseFaxNumber_ -->
        <test-method status="PASS" signature="test_parseFaxNumber_(java.lang.String)[pri:0, instance:com.apiumtech.spider.util.SpiderGettedFileTest@60961dff]" name="test_parseFaxNumber_" duration-ms="1" started-at="2013-07-05T17:54:41Z" data-provider="faxes" finished-at="2013-07-05T17:54:41Z">
          <params>
            <param index="0">
              <value>
                <![CDATA[+34 93 437 16 28]]>
              </value>
            </param>
          </params>
          <reporter-output>
          </reporter-output>
        </test-method> <!-- test_parseFaxNumber_ -->
        <test-method status="PASS" signature="setUp()[pri:0, instance:com.apiumtech.spider.util.SpiderGettedFileTest@60961dff]" name="setUp" is-config="true" duration-ms="0" started-at="2013-07-05T17:54:41Z" finished-at="2013-07-05T17:54:41Z">
          <reporter-output>
          </reporter-output>
        </test-method> <!-- setUp -->
        <test-method status="PASS" signature="test_parseFaxNumber_(java.lang.String)[pri:0, instance:com.apiumtech.spider.util.SpiderGettedFileTest@60961dff]" name="test_parseFaxNumber_" duration-ms="0" started-at="2013-07-05T17:54:41Z" data-provider="faxes" finished-at="2013-07-05T17:54:41Z">
          <params>
            <param index="0">
              <value>
                <![CDATA[fax[(+34) 93 437 16 28]]]>
              </value>
            </param>
          </params>
          <reporter-output>
          </reporter-output>
        </test-method> <!-- test_parseFaxNumber_ -->
        <test-method status="PASS" signature="setUp()[pri:0, instance:com.apiumtech.spider.util.SpiderGettedFileTest@60961dff]" name="setUp" is-config="true" duration-ms="0" started-at="2013-07-05T17:54:41Z" finished-at="2013-07-05T17:54:41Z">
          <reporter-output>
          </reporter-output>
        </test-method> <!-- setUp -->
        <test-method status="PASS" signature="test_parseFaxNumber_(java.lang.String)[pri:0, instance:com.apiumtech.spider.util.SpiderGettedFileTest@60961dff]" name="test_parseFaxNumber_" duration-ms="0" started-at="2013-07-05T17:54:41Z" data-provider="faxes" finished-at="2013-07-05T17:54:41Z">
          <params>
            <param index="0">
              <value>
                <![CDATA[fax[(+34) 93 437 16 28]]]>
              </value>
            </param>
          </params>
          <reporter-output>
          </reporter-output>
        </test-method> <!-- test_parseFaxNumber_ -->
        <test-method status="PASS" signature="setUp()[pri:0, instance:com.apiumtech.spider.util.SpiderGettedFileTest@60961dff]" name="setUp" is-config="true" duration-ms="0" started-at="2013-07-05T17:54:41Z" finished-at="2013-07-05T17:54:41Z">
          <reporter-output>
          </reporter-output>
        </test-method> <!-- setUp -->
        <test-method status="PASS" signature="setUp()[pri:0, instance:com.apiumtech.spider.util.SpiderGettedFileTest@60961dff]" name="setUp" is-config="true" duration-ms="1" started-at="2013-07-05T17:54:41Z" finished-at="2013-07-05T17:54:41Z">
          <reporter-output>
          </reporter-output>
        </test-method> <!-- setUp -->
        <test-method status="PASS" signature="test_parseFaxNumber_(java.lang.String)[pri:0, instance:com.apiumtech.spider.util.SpiderGettedFileTest@60961dff]" name="test_parseFaxNumber_" duration-ms="0" started-at="2013-07-05T17:54:41Z" data-provider="faxes" finished-at="2013-07-05T17:54:41Z">
          <params>
            <param index="0">
              <value>
                <![CDATA[9343716280]]>
              </value>
            </param>
          </params>
          <reporter-output>
          </reporter-output>
        </test-method> <!-- test_parseFaxNumber_ -->
        <test-method status="PASS" signature="setUp()[pri:0, instance:com.apiumtech.spider.util.SpiderGettedFileTest@60961dff]" name="setUp" is-config="true" duration-ms="0" started-at="2013-07-05T17:54:41Z" finished-at="2013-07-05T17:54:41Z">
          <reporter-output>
          </reporter-output>
        </test-method> <!-- setUp -->
        <test-method status="PASS" signature="test_parseFaxNumber_(java.lang.String)[pri:0, instance:com.apiumtech.spider.util.SpiderGettedFileTest@60961dff]" name="test_parseFaxNumber_" duration-ms="1" started-at="2013-07-05T17:54:41Z" data-provider="faxes" finished-at="2013-07-05T17:54:41Z">
          <params>
            <param index="0">
              <value>
                <![CDATA[934371628]]>
              </value>
            </param>
          </params>
          <reporter-output>
          </reporter-output>
        </test-method> <!-- test_parseFaxNumber_ -->
      </class> <!-- com.apiumtech.spider.util.SpiderGettedFileTest -->
      <class name="com.apiumtech.spider.parser.PaginasAmarillasFichaParserTest">
        <test-method status="PASS" signature="setUp()[pri:0, instance:com.apiumtech.spider.parser.PaginasAmarillasFichaParserTest@57d2fc36]" name="setUp" is-config="true" duration-ms="5" started-at="2013-07-05T17:54:41Z" finished-at="2013-07-05T17:54:41Z">
          <reporter-output>
          </reporter-output>
        </test-method> <!-- setUp -->
        <test-method status="PASS" signature="testGetTitleFromPAHtml()[pri:0, instance:com.apiumtech.spider.parser.PaginasAmarillasFichaParserTest@57d2fc36]" name="testGetTitleFromPAHtml" duration-ms="1" started-at="2013-07-05T17:54:41Z" finished-at="2013-07-05T17:54:41Z">
          <reporter-output>
          </reporter-output>
        </test-method> <!-- testGetTitleFromPAHtml -->
        <test-method status="PASS" signature="setUp()[pri:0, instance:com.apiumtech.spider.parser.PaginasAmarillasFichaParserTest@57d2fc36]" name="setUp" is-config="true" duration-ms="1" started-at="2013-07-05T17:54:41Z" finished-at="2013-07-05T17:54:41Z">
          <reporter-output>
          </reporter-output>
        </test-method> <!-- setUp -->
        <test-method status="PASS" signature="testParseTxtToHTml()[pri:0, instance:com.apiumtech.spider.parser.PaginasAmarillasFichaParserTest@57d2fc36]" name="testParseTxtToHTml" duration-ms="0" started-at="2013-07-05T17:54:41Z" finished-at="2013-07-05T17:54:41Z">
          <reporter-output>
          </reporter-output>
        </test-method> <!-- testParseTxtToHTml -->
        <test-method status="PASS" signature="test_getAddressFromPAHtml()[pri:0, instance:com.apiumtech.spider.parser.PaginasAmarillasFichaParserTest@57d2fc36]" name="test_getAddressFromPAHtml" duration-ms="1" started-at="2013-07-05T17:54:41Z" finished-at="2013-07-05T17:54:41Z">
          <reporter-output>
          </reporter-output>
        </test-method> <!-- test_getAddressFromPAHtml -->
        <test-method status="PASS" signature="setUp()[pri:0, instance:com.apiumtech.spider.parser.PaginasAmarillasFichaParserTest@57d2fc36]" name="setUp" is-config="true" duration-ms="0" started-at="2013-07-05T17:54:41Z" finished-at="2013-07-05T17:54:41Z">
          <reporter-output>
          </reporter-output>
        </test-method> <!-- setUp -->
        <test-method status="PASS" signature="setUp()[pri:0, instance:com.apiumtech.spider.parser.PaginasAmarillasFichaParserTest@57d2fc36]" name="setUp" is-config="true" duration-ms="0" started-at="2013-07-05T17:54:41Z" finished-at="2013-07-05T17:54:41Z">
          <reporter-output>
          </reporter-output>
        </test-method> <!-- setUp -->
        <test-method status="PASS" signature="test_getEnterpriseDataFromPAHtml()[pri:0, instance:com.apiumtech.spider.parser.PaginasAmarillasFichaParserTest@57d2fc36]" name="test_getEnterpriseDataFromPAHtml" duration-ms="5" started-at="2013-07-05T17:54:41Z" finished-at="2013-07-05T17:54:41Z">
          <reporter-output>
          </reporter-output>
        </test-method> <!-- test_getEnterpriseDataFromPAHtml -->
        <test-method status="PASS" signature="test_getEnterpriseIdPAHtml()[pri:0, instance:com.apiumtech.spider.parser.PaginasAmarillasFichaParserTest@57d2fc36]" name="test_getEnterpriseIdPAHtml" duration-ms="1" started-at="2013-07-05T17:54:41Z" finished-at="2013-07-05T17:54:41Z">
          <reporter-output>
          </reporter-output>
        </test-method> <!-- test_getEnterpriseIdPAHtml -->
        <test-method status="PASS" signature="setUp()[pri:0, instance:com.apiumtech.spider.parser.PaginasAmarillasFichaParserTest@57d2fc36]" name="setUp" is-config="true" duration-ms="0" started-at="2013-07-05T17:54:41Z" finished-at="2013-07-05T17:54:41Z">
          <reporter-output>
          </reporter-output>
        </test-method> <!-- setUp -->
        <test-method status="PASS" signature="test_getLocalityFromPAHtml()[pri:0, instance:com.apiumtech.spider.parser.PaginasAmarillasFichaParserTest@57d2fc36]" name="test_getLocalityFromPAHtml" duration-ms="1" started-at="2013-07-05T17:54:41Z" finished-at="2013-07-05T17:54:41Z">
          <reporter-output>
          </reporter-output>
        </test-method> <!-- test_getLocalityFromPAHtml -->
        <test-method status="PASS" signature="setUp()[pri:0, instance:com.apiumtech.spider.parser.PaginasAmarillasFichaParserTest@57d2fc36]" name="setUp" is-config="true" duration-ms="0" started-at="2013-07-05T17:54:41Z" finished-at="2013-07-05T17:54:41Z">
          <reporter-output>
          </reporter-output>
        </test-method> <!-- setUp -->
        <test-method status="PASS" signature="setUp()[pri:0, instance:com.apiumtech.spider.parser.PaginasAmarillasFichaParserTest@57d2fc36]" name="setUp" is-config="true" duration-ms="0" started-at="2013-07-05T17:54:41Z" finished-at="2013-07-05T17:54:41Z">
          <reporter-output>
          </reporter-output>
        </test-method> <!-- setUp -->
        <test-method status="PASS" signature="test_getParamsFromPAHtml()[pri:0, instance:com.apiumtech.spider.parser.PaginasAmarillasFichaParserTest@57d2fc36]" name="test_getParamsFromPAHtml" duration-ms="0" started-at="2013-07-05T17:54:41Z" finished-at="2013-07-05T17:54:41Z">
          <reporter-output>
          </reporter-output>
        </test-method> <!-- test_getParamsFromPAHtml -->
        <test-method status="PASS" signature="setUp()[pri:0, instance:com.apiumtech.spider.parser.PaginasAmarillasFichaParserTest@57d2fc36]" name="setUp" is-config="true" duration-ms="0" started-at="2013-07-05T17:54:41Z" finished-at="2013-07-05T17:54:41Z">
          <reporter-output>
          </reporter-output>
        </test-method> <!-- setUp -->
        <test-method status="PASS" signature="test_getPhoneDataFromPAHtml()[pri:0, instance:com.apiumtech.spider.parser.PaginasAmarillasFichaParserTest@57d2fc36]" name="test_getPhoneDataFromPAHtml" duration-ms="0" started-at="2013-07-05T17:54:41Z" finished-at="2013-07-05T17:54:41Z">
          <reporter-output>
          </reporter-output>
        </test-method> <!-- test_getPhoneDataFromPAHtml -->
        <test-method status="PASS" signature="setUp()[pri:0, instance:com.apiumtech.spider.parser.PaginasAmarillasFichaParserTest@57d2fc36]" name="setUp" is-config="true" duration-ms="0" started-at="2013-07-05T17:54:41Z" finished-at="2013-07-05T17:54:41Z">
          <reporter-output>
          </reporter-output>
        </test-method> <!-- setUp -->
        <test-method status="PASS" signature="test_getPostalCodeFromPAHtml()[pri:0, instance:com.apiumtech.spider.parser.PaginasAmarillasFichaParserTest@57d2fc36]" name="test_getPostalCodeFromPAHtml" duration-ms="0" started-at="2013-07-05T17:54:41Z" finished-at="2013-07-05T17:54:41Z">
          <reporter-output>
          </reporter-output>
        </test-method> <!-- test_getPostalCodeFromPAHtml -->
        <test-method status="PASS" signature="test_getRegionFromPAHtml()[pri:0, instance:com.apiumtech.spider.parser.PaginasAmarillasFichaParserTest@57d2fc36]" name="test_getRegionFromPAHtml" duration-ms="1" started-at="2013-07-05T17:54:41Z" finished-at="2013-07-05T17:54:41Z">
          <reporter-output>
          </reporter-output>
        </test-method> <!-- test_getRegionFromPAHtml -->
        <test-method status="PASS" signature="setUp()[pri:0, instance:com.apiumtech.spider.parser.PaginasAmarillasFichaParserTest@57d2fc36]" name="setUp" is-config="true" duration-ms="0" started-at="2013-07-05T17:54:41Z" finished-at="2013-07-05T17:54:41Z">
          <reporter-output>
          </reporter-output>
        </test-method> <!-- setUp -->
      </class> <!-- com.apiumtech.spider.parser.PaginasAmarillasFichaParserTest -->
      <class name="com.apiumtech.spider.SpiderGutenbergTest">
        <test-method status="PASS" signature="setUp()[pri:0, instance:com.apiumtech.spider.SpiderGutenbergTest@2c19e15c]" name="setUp" is-config="true" duration-ms="6928" started-at="2013-07-05T17:54:41Z" finished-at="2013-07-05T17:54:48Z">
          <reporter-output>
          </reporter-output>
        </test-method> <!-- setUp -->
        <test-method status="PASS" signature="test_do()[pri:0, instance:com.apiumtech.spider.SpiderGutenbergTest@2c19e15c]" name="test_do" duration-ms="8202" started-at="2013-07-05T17:54:48Z" finished-at="2013-07-05T17:54:56Z">
          <reporter-output>
          </reporter-output>
        </test-method> <!-- test_do -->
      </class> <!-- com.apiumtech.spider.SpiderGutenbergTest -->
      <class name="com.apiumtech.spider.agent.AgentPaginasAmarillasEnterpriseEsTest">
        <test-method status="PASS" signature="setUp()[pri:0, instance:com.apiumtech.spider.agent.AgentPaginasAmarillasEnterpriseEsTest@62f47396]" name="setUp" is-config="true" duration-ms="10" started-at="2013-07-05T17:54:39Z" finished-at="2013-07-05T17:54:39Z">
          <reporter-output>
          </reporter-output>
        </test-method> <!-- setUp -->
        <test-method status="PASS" signature="testRun()[pri:0, instance:com.apiumtech.spider.agent.AgentPaginasAmarillasEnterpriseEsTest@62f47396]" name="testRun" duration-ms="2" started-at="2013-07-05T17:54:39Z" finished-at="2013-07-05T17:54:39Z">
          <reporter-output>
          </reporter-output>
        </test-method> <!-- testRun -->
      </class> <!-- com.apiumtech.spider.agent.AgentPaginasAmarillasEnterpriseEsTest -->
      <class name="com.apiumtech.spider.HttpDownloaderTest">
        <test-method status="PASS" signature="setUp()[pri:0, instance:com.apiumtech.spider.HttpDownloaderTest@13f6ba0f]" name="setUp" is-config="true" duration-ms="0" started-at="2013-07-05T17:54:40Z" finished-at="2013-07-05T17:54:40Z">
          <reporter-output>
          </reporter-output>
        </test-method> <!-- setUp -->
        <test-method status="PASS" signature="testGetProxy()[pri:0, instance:com.apiumtech.spider.HttpDownloaderTest@13f6ba0f]" name="testGetProxy" duration-ms="0" started-at="2013-07-05T17:54:40Z" finished-at="2013-07-05T17:54:40Z">
          <reporter-output>
          </reporter-output>
        </test-method> <!-- testGetProxy -->
        <test-method status="PASS" signature="setUp()[pri:0, instance:com.apiumtech.spider.HttpDownloaderTest@13f6ba0f]" name="setUp" is-config="true" duration-ms="0" started-at="2013-07-05T17:54:40Z" finished-at="2013-07-05T17:54:40Z">
          <reporter-output>
          </reporter-output>
        </test-method> <!-- setUp -->
        <test-method status="PASS" signature="testGetRequest()[pri:0, instance:com.apiumtech.spider.HttpDownloaderTest@13f6ba0f]" name="testGetRequest" duration-ms="1508" started-at="2013-07-05T17:54:40Z" finished-at="2013-07-05T17:54:41Z">
          <reporter-output>
          </reporter-output>
        </test-method> <!-- testGetRequest -->
        <test-method status="PASS" signature="setUp()[pri:0, instance:com.apiumtech.spider.HttpDownloaderTest@13f6ba0f]" name="setUp" is-config="true" duration-ms="0" started-at="2013-07-05T17:54:41Z" finished-at="2013-07-05T17:54:41Z">
          <reporter-output>
          </reporter-output>
        </test-method> <!-- setUp -->
        <test-method status="PASS" signature="testGetRequestBinary()[pri:0, instance:com.apiumtech.spider.HttpDownloaderTest@13f6ba0f]" name="testGetRequestBinary" duration-ms="0" started-at="2013-07-05T17:54:41Z" finished-at="2013-07-05T17:54:41Z">
          <reporter-output>
          </reporter-output>
        </test-method> <!-- testGetRequestBinary -->
        <test-method status="PASS" signature="setUp()[pri:0, instance:com.apiumtech.spider.HttpDownloaderTest@13f6ba0f]" name="setUp" is-config="true" duration-ms="0" started-at="2013-07-05T17:54:41Z" finished-at="2013-07-05T17:54:41Z">
          <reporter-output>
          </reporter-output>
        </test-method> <!-- setUp -->
        <test-method status="PASS" signature="testIsInCache()[pri:0, instance:com.apiumtech.spider.HttpDownloaderTest@13f6ba0f]" name="testIsInCache" duration-ms="0" started-at="2013-07-05T17:54:41Z" finished-at="2013-07-05T17:54:41Z">
          <reporter-output>
          </reporter-output>
        </test-method> <!-- testIsInCache -->
        <test-method status="PASS" signature="setUp()[pri:0, instance:com.apiumtech.spider.HttpDownloaderTest@13f6ba0f]" name="setUp" is-config="true" duration-ms="0" started-at="2013-07-05T17:54:41Z" finished-at="2013-07-05T17:54:41Z">
          <reporter-output>
          </reporter-output>
        </test-method> <!-- setUp -->
        <test-method status="PASS" signature="testPostRequest()[pri:0, instance:com.apiumtech.spider.HttpDownloaderTest@13f6ba0f]" name="testPostRequest" duration-ms="1" started-at="2013-07-05T17:54:41Z" finished-at="2013-07-05T17:54:41Z">
          <reporter-output>
          </reporter-output>
        </test-method> <!-- testPostRequest -->
        <test-method status="PASS" signature="setUp()[pri:0, instance:com.apiumtech.spider.HttpDownloaderTest@13f6ba0f]" name="setUp" is-config="true" duration-ms="0" started-at="2013-07-05T17:54:41Z" finished-at="2013-07-05T17:54:41Z">
          <reporter-output>
          </reporter-output>
        </test-method> <!-- setUp -->
        <test-method status="PASS" signature="testSetProxy()[pri:0, instance:com.apiumtech.spider.HttpDownloaderTest@13f6ba0f]" name="testSetProxy" duration-ms="0" started-at="2013-07-05T17:54:41Z" finished-at="2013-07-05T17:54:41Z">
          <reporter-output>
          </reporter-output>
        </test-method> <!-- testSetProxy -->
        <test-method status="PASS" signature="setUp()[pri:0, instance:com.apiumtech.spider.HttpDownloaderTest@13f6ba0f]" name="setUp" is-config="true" duration-ms="1" started-at="2013-07-05T17:54:41Z" finished-at="2013-07-05T17:54:41Z">
          <reporter-output>
          </reporter-output>
        </test-method> <!-- setUp -->
        <test-method status="PASS" signature="test_getCacheFileName_url_parsedUrlWritebleToFile()[pri:0, instance:com.apiumtech.spider.HttpDownloaderTest@13f6ba0f]" name="test_getCacheFileName_url_parsedUrlWritebleToFile" duration-ms="0" started-at="2013-07-05T17:54:41Z" finished-at="2013-07-05T17:54:41Z">
          <reporter-output>
          </reporter-output>
        </test-method> <!-- test_getCacheFileName_url_parsedUrlWritebleToFile -->
      </class> <!-- com.apiumtech.spider.HttpDownloaderTest -->
      <class name="com.apiumtech.spider.si.AgentSiRSS_Test">
        <test-method status="PASS" signature="setUp()[pri:0, instance:com.apiumtech.spider.si.AgentSiRSS_Test@388ee016]" name="setUp" is-config="true" duration-ms="3" started-at="2013-07-05T17:54:39Z" finished-at="2013-07-05T17:54:39Z">
          <reporter-output>
          </reporter-output>
        </test-method> <!-- setUp -->
        <test-method status="PASS" signature="test_Name()[pri:0, instance:com.apiumtech.spider.si.AgentSiRSS_Test@388ee016]" name="test_Name" duration-ms="0" started-at="2013-07-05T17:54:39Z" finished-at="2013-07-05T17:54:39Z">
          <reporter-output>
          </reporter-output>
        </test-method> <!-- test_Name -->
        <test-method status="PASS" signature="setUp()[pri:0, instance:com.apiumtech.spider.si.AgentSiRSS_Test@388ee016]" name="setUp" is-config="true" duration-ms="0" started-at="2013-07-05T17:54:39Z" finished-at="2013-07-05T17:54:39Z">
          <reporter-output>
          </reporter-output>
        </test-method> <!-- setUp -->
        <test-method status="PASS" signature="test_getRequest_()[pri:0, instance:com.apiumtech.spider.si.AgentSiRSS_Test@388ee016]" name="test_getRequest_" duration-ms="76" started-at="2013-07-05T17:54:39Z" finished-at="2013-07-05T17:54:40Z">
          <reporter-output>
          </reporter-output>
        </test-method> <!-- test_getRequest_ -->
        <test-method status="PASS" signature="setUp()[pri:0, instance:com.apiumtech.spider.si.AgentSiRSS_Test@388ee016]" name="setUp" is-config="true" duration-ms="0" started-at="2013-07-05T17:54:40Z" finished-at="2013-07-05T17:54:40Z">
          <reporter-output>
          </reporter-output>
        </test-method> <!-- setUp -->
        <test-method status="PASS" signature="test_start_feedRootPage()[pri:0, instance:com.apiumtech.spider.si.AgentSiRSS_Test@388ee016]" name="test_start_feedRootPage" duration-ms="26" started-at="2013-07-05T17:54:40Z" finished-at="2013-07-05T17:54:40Z">
          <reporter-output>
          </reporter-output>
        </test-method> <!-- test_start_feedRootPage -->
      </class> <!-- com.apiumtech.spider.si.AgentSiRSS_Test -->
      <class name="com.apiumtech.spider.agent.AgentsManagerTest">
        <test-method status="PASS" signature="setUp()[pri:0, instance:com.apiumtech.spider.agent.AgentsManagerTest@16b8f8eb]" name="setUp" is-config="true" duration-ms="0" started-at="2013-07-05T17:54:40Z" finished-at="2013-07-05T17:54:40Z">
          <reporter-output>
          </reporter-output>
        </test-method> <!-- setUp -->
        <test-method status="PASS" signature="testRun()[pri:0, instance:com.apiumtech.spider.agent.AgentsManagerTest@16b8f8eb]" name="testRun" duration-ms="0" started-at="2013-07-05T17:54:40Z" finished-at="2013-07-05T17:54:40Z">
          <reporter-output>
          </reporter-output>
        </test-method> <!-- testRun -->
        <test-method status="PASS" signature="setUp()[pri:0, instance:com.apiumtech.spider.agent.AgentsManagerTest@16b8f8eb]" name="setUp" is-config="true" duration-ms="9" started-at="2013-07-05T17:54:40Z" finished-at="2013-07-05T17:54:40Z">
          <reporter-output>
          </reporter-output>
        </test-method> <!-- setUp -->
        <test-method status="PASS" signature="testStopAgentsManager()[pri:0, instance:com.apiumtech.spider.agent.AgentsManagerTest@16b8f8eb]" name="testStopAgentsManager" duration-ms="1" started-at="2013-07-05T17:54:40Z" finished-at="2013-07-05T17:54:40Z">
          <reporter-output>
          </reporter-output>
        </test-method> <!-- testStopAgentsManager -->
      </class> <!-- com.apiumtech.spider.agent.AgentsManagerTest -->
      <class name="com.apiumtech.spider.parser.SeccionAmarillaMeFichaParserTest">
        <test-method status="PASS" signature="setUp()[pri:0, instance:com.apiumtech.spider.parser.SeccionAmarillaMeFichaParserTest@220ca470]" name="setUp" is-config="true" duration-ms="1" started-at="2013-07-05T17:54:41Z" finished-at="2013-07-05T17:54:41Z">
          <reporter-output>
          </reporter-output>
        </test-method> <!-- setUp -->
        <test-method status="PASS" signature="setUp()[pri:0, instance:com.apiumtech.spider.parser.SeccionAmarillaMeFichaParserTest@220ca470]" name="setUp" is-config="true" duration-ms="0" started-at="2013-07-05T17:54:41Z" finished-at="2013-07-05T17:54:41Z">
          <reporter-output>
          </reporter-output>
        </test-method> <!-- setUp -->
        <test-method status="PASS" signature="test_getAddressFromPAHtml()[pri:0, instance:com.apiumtech.spider.parser.SeccionAmarillaMeFichaParserTest@220ca470]" name="test_getAddressFromPAHtml" duration-ms="1" started-at="2013-07-05T17:54:41Z" finished-at="2013-07-05T17:54:41Z">
          <reporter-output>
          </reporter-output>
        </test-method> <!-- test_getAddressFromPAHtml -->
        <test-method status="PASS" signature="testParseTxtToHTml()[pri:0, instance:com.apiumtech.spider.parser.SeccionAmarillaMeFichaParserTest@220ca470]" name="testParseTxtToHTml" duration-ms="0" started-at="2013-07-05T17:54:41Z" finished-at="2013-07-05T17:54:41Z">
          <reporter-output>
          </reporter-output>
        </test-method> <!-- testParseTxtToHTml -->
        <test-method status="PASS" signature="setUp()[pri:0, instance:com.apiumtech.spider.parser.SeccionAmarillaMeFichaParserTest@220ca470]" name="setUp" is-config="true" duration-ms="0" started-at="2013-07-05T17:54:41Z" finished-at="2013-07-05T17:54:41Z">
          <reporter-output>
          </reporter-output>
        </test-method> <!-- setUp -->
        <test-method status="PASS" signature="test_getCategoriaFromPAHtml()[pri:0, instance:com.apiumtech.spider.parser.SeccionAmarillaMeFichaParserTest@220ca470]" name="test_getCategoriaFromPAHtml" duration-ms="1" started-at="2013-07-05T17:54:41Z" finished-at="2013-07-05T17:54:41Z">
          <reporter-output>
          </reporter-output>
        </test-method> <!-- test_getCategoriaFromPAHtml -->
        <test-method status="PASS" signature="test_getLocalityFromPAHtml()[pri:0, instance:com.apiumtech.spider.parser.SeccionAmarillaMeFichaParserTest@220ca470]" name="test_getLocalityFromPAHtml" duration-ms="0" started-at="2013-07-05T17:54:41Z" finished-at="2013-07-05T17:54:41Z">
          <reporter-output>
          </reporter-output>
        </test-method> <!-- test_getLocalityFromPAHtml -->
        <test-method status="PASS" signature="setUp()[pri:0, instance:com.apiumtech.spider.parser.SeccionAmarillaMeFichaParserTest@220ca470]" name="setUp" is-config="true" duration-ms="0" started-at="2013-07-05T17:54:41Z" finished-at="2013-07-05T17:54:41Z">
          <reporter-output>
          </reporter-output>
        </test-method> <!-- setUp -->
        <test-method status="PASS" signature="setUp()[pri:0, instance:com.apiumtech.spider.parser.SeccionAmarillaMeFichaParserTest@220ca470]" name="setUp" is-config="true" duration-ms="0" started-at="2013-07-05T17:54:41Z" finished-at="2013-07-05T17:54:41Z">
          <reporter-output>
          </reporter-output>
        </test-method> <!-- setUp -->
        <test-method status="PASS" signature="setUp()[pri:0, instance:com.apiumtech.spider.parser.SeccionAmarillaMeFichaParserTest@220ca470]" name="setUp" is-config="true" duration-ms="1" started-at="2013-07-05T17:54:41Z" finished-at="2013-07-05T17:54:41Z">
          <reporter-output>
          </reporter-output>
        </test-method> <!-- setUp -->
        <test-method status="PASS" signature="test_getPhoneFromPAHtml()[pri:0, instance:com.apiumtech.spider.parser.SeccionAmarillaMeFichaParserTest@220ca470]" name="test_getPhoneFromPAHtml" duration-ms="0" started-at="2013-07-05T17:54:41Z" finished-at="2013-07-05T17:54:41Z">
          <reporter-output>
          </reporter-output>
        </test-method> <!-- test_getPhoneFromPAHtml -->
        <test-method status="PASS" signature="setUp()[pri:0, instance:com.apiumtech.spider.parser.SeccionAmarillaMeFichaParserTest@220ca470]" name="setUp" is-config="true" duration-ms="0" started-at="2013-07-05T17:54:41Z" finished-at="2013-07-05T17:54:41Z">
          <reporter-output>
          </reporter-output>
        </test-method> <!-- setUp -->
        <test-method status="PASS" signature="test_getPostalCodeFromPAHtml()[pri:0, instance:com.apiumtech.spider.parser.SeccionAmarillaMeFichaParserTest@220ca470]" name="test_getPostalCodeFromPAHtml" duration-ms="0" started-at="2013-07-05T17:54:41Z" finished-at="2013-07-05T17:54:41Z">
          <reporter-output>
          </reporter-output>
        </test-method> <!-- test_getPostalCodeFromPAHtml -->
        <test-method status="PASS" signature="test_getTitleFromPAHtml()[pri:0, instance:com.apiumtech.spider.parser.SeccionAmarillaMeFichaParserTest@220ca470]" name="test_getTitleFromPAHtml" duration-ms="0" started-at="2013-07-05T17:54:41Z" finished-at="2013-07-05T17:54:41Z">
          <reporter-output>
          </reporter-output>
        </test-method> <!-- test_getTitleFromPAHtml -->
      </class> <!-- com.apiumtech.spider.parser.SeccionAmarillaMeFichaParserTest -->
    </test> <!-- Command line test -->
  </suite> <!-- Command line suite -->
</testng-results>
