<?xml version="1.0" encoding="UTF-8"?>
<testng-results skipped="0" failed="3" total="41" passed="38">
  <reporter-output>
  </reporter-output>
  <suite name="Command line suite" duration-ms="35950" started-at="2013-07-05T15:41:19Z" finished-at="2013-07-05T15:41:55Z">
    <groups>
    </groups>
    <test name="Command line test" duration-ms="35950" started-at="2013-07-05T15:41:19Z" finished-at="2013-07-05T15:41:55Z">
      <class name="com.apiumtech.spider.si.SpiderSiRSS_Test">
        <test-method status="PASS" signature="setUp()[pri:0, instance:com.apiumtech.spider.si.SpiderSiRSS_Test@351563ff]" name="setUp" is-config="true" duration-ms="2098" started-at="2013-07-05T17:41:43Z" finished-at="2013-07-05T17:41:45Z">
          <reporter-output>
          </reporter-output>
        </test-method> <!-- setUp -->
        <test-method status="PASS" signature="test_getNewsFromRSSserver_foxRSS_searchRSSfeeds()[pri:0, instance:com.apiumtech.spider.si.SpiderSiRSS_Test@351563ff]" name="test_getNewsFromRSSserver_foxRSS_searchRSSfeeds" duration-ms="10367" started-at="2013-07-05T17:41:45Z" finished-at="2013-07-05T17:41:55Z">
          <reporter-output>
          </reporter-output>
        </test-method> <!-- test_getNewsFromRSSserver_foxRSS_searchRSSfeeds -->
      </class> <!-- com.apiumtech.spider.si.SpiderSiRSS_Test -->
      <class name="com.apiumtech.spider.util.SpiderGettedFileTest">
        <test-method status="PASS" signature="setUp()[pri:0, instance:com.apiumtech.spider.util.SpiderGettedFileTest@60f47bf5]" name="setUp" is-config="true" duration-ms="1" started-at="2013-07-05T17:41:23Z" finished-at="2013-07-05T17:41:23Z">
          <reporter-output>
          </reporter-output>
        </test-method> <!-- setUp -->
        <test-method status="FAIL" signature="test_createCSVfromGettedFolder()[pri:0, instance:com.apiumtech.spider.util.SpiderGettedFileTest@60f47bf5]" name="test_createCSVfromGettedFolder" duration-ms="1" started-at="2013-07-05T17:41:23Z" finished-at="2013-07-05T17:41:23Z">
          <exception class="java.lang.NullPointerException">
            <full-stacktrace>
              <![CDATA[java.lang.NullPointerException
	at com.apiumtech.spider.util.SpiderGettedFile.getDataFromGettedFolder(SpiderGettedFile.java:67)
	at com.apiumtech.spider.util.SpiderGettedFile.createCSVfromGettedFolder(SpiderGettedFile.java:90)
	at com.apiumtech.spider.util.SpiderGettedFileTest.test_createCSVfromGettedFolder(SpiderGettedFileTest.java:71)
	at sun.reflect.NativeMethodAccessorImpl.invoke0(Native Method)
	at sun.reflect.NativeMethodAccessorImpl.invoke(NativeMethodAccessorImpl.java:39)
	at sun.reflect.DelegatingMethodAccessorImpl.invoke(DelegatingMethodAccessorImpl.java:25)
	at java.lang.reflect.Method.invoke(Method.java:597)
	at org.testng.internal.MethodInvocationHelper.invokeMethod(MethodInvocationHelper.java:80)
	at org.testng.internal.Invoker.invokeMethod(Invoker.java:715)
	at org.testng.internal.Invoker.invokeTestMethod(Invoker.java:907)
	at org.testng.internal.Invoker.invokeTestMethods(Invoker.java:1237)
	at org.testng.internal.TestMethodWorker.invokeTestMethods(TestMethodWorker.java:127)
	at org.testng.internal.TestMethodWorker.run(TestMethodWorker.java:111)
	at org.testng.TestRunner.privateRun(TestRunner.java:767)
	at org.testng.TestRunner.run(TestRunner.java:617)
	at org.testng.SuiteRunner.runTest(SuiteRunner.java:334)
	at org.testng.SuiteRunner.runSequentially(SuiteRunner.java:329)
	at org.testng.SuiteRunner.privateRun(SuiteRunner.java:291)
	at org.testng.SuiteRunner.run(SuiteRunner.java:240)
	at org.testng.SuiteRunnerWorker.runSuite(SuiteRunnerWorker.java:51)
	at org.testng.SuiteRunnerWorker.run(SuiteRunnerWorker.java:85)
	at org.testng.TestNG.runSuitesSequentially(TestNG.java:1197)
	at org.testng.TestNG.runSuitesLocally(TestNG.java:1122)
	at org.testng.TestNG.run(TestNG.java:1030)
	at org.apache.maven.surefire.testng.TestNGExecutor.run(TestNGExecutor.java:60)
	at org.apache.maven.surefire.testng.TestNGDirectoryTestSuite.executeMulti(TestNGDirectoryTestSuite.java:153)
	at org.apache.maven.surefire.testng.TestNGDirectoryTestSuite.execute(TestNGDirectoryTestSuite.java:99)
	at org.apache.maven.surefire.testng.TestNGProvider.invoke(TestNGProvider.java:111)
	at sun.reflect.NativeMethodAccessorImpl.invoke0(Native Method)
	at sun.reflect.NativeMethodAccessorImpl.invoke(NativeMethodAccessorImpl.java:39)
	at sun.reflect.DelegatingMethodAccessorImpl.invoke(DelegatingMethodAccessorImpl.java:25)
	at java.lang.reflect.Method.invoke(Method.java:597)
	at org.apache.maven.surefire.booter.ProviderFactory$ClassLoaderProxy.invoke(ProviderFactory.java:103)
	at com.sun.proxy.$Proxy0.invoke(Unknown Source)
	at org.apache.maven.surefire.booter.SurefireStarter.invokeProvider(SurefireStarter.java:150)
	at org.apache.maven.surefire.booter.SurefireStarter.runSuitesInProcess(SurefireStarter.java:91)
	at org.apache.maven.surefire.booter.ForkedBooter.main(ForkedBooter.java:69)
]]>
            </full-stacktrace>
          </exception> <!-- java.lang.NullPointerException -->
          <reporter-output>
          </reporter-output>
        </test-method> <!-- test_createCSVfromGettedFolder -->
        <test-method status="FAIL" signature="test_getDataFromGettedFolder()[pri:0, instance:com.apiumtech.spider.util.SpiderGettedFileTest@60f47bf5]" name="test_getDataFromGettedFolder" duration-ms="0" started-at="2013-07-05T17:41:23Z" finished-at="2013-07-05T17:41:23Z">
          <exception class="java.lang.NullPointerException">
            <full-stacktrace>
              <![CDATA[java.lang.NullPointerException
	at com.apiumtech.spider.util.SpiderGettedFile.getDataFromGettedFolder(SpiderGettedFile.java:67)
	at com.apiumtech.spider.util.SpiderGettedFileTest.test_getDataFromGettedFolder(SpiderGettedFileTest.java:64)
	at sun.reflect.NativeMethodAccessorImpl.invoke0(Native Method)
	at sun.reflect.NativeMethodAccessorImpl.invoke(NativeMethodAccessorImpl.java:39)
	at sun.reflect.DelegatingMethodAccessorImpl.invoke(DelegatingMethodAccessorImpl.java:25)
	at java.lang.reflect.Method.invoke(Method.java:597)
	at org.testng.internal.MethodInvocationHelper.invokeMethod(MethodInvocationHelper.java:80)
	at org.testng.internal.Invoker.invokeMethod(Invoker.java:715)
	at org.testng.internal.Invoker.invokeTestMethod(Invoker.java:907)
	at org.testng.internal.Invoker.invokeTestMethods(Invoker.java:1237)
	at org.testng.internal.TestMethodWorker.invokeTestMethods(TestMethodWorker.java:127)
	at org.testng.internal.TestMethodWorker.run(TestMethodWorker.java:111)
	at org.testng.TestRunner.privateRun(TestRunner.java:767)
	at org.testng.TestRunner.run(TestRunner.java:617)
	at org.testng.SuiteRunner.runTest(SuiteRunner.java:334)
	at org.testng.SuiteRunner.runSequentially(SuiteRunner.java:329)
	at org.testng.SuiteRunner.privateRun(SuiteRunner.java:291)
	at org.testng.SuiteRunner.run(SuiteRunner.java:240)
	at org.testng.SuiteRunnerWorker.runSuite(SuiteRunnerWorker.java:51)
	at org.testng.SuiteRunnerWorker.run(SuiteRunnerWorker.java:85)
	at org.testng.TestNG.runSuitesSequentially(TestNG.java:1197)
	at org.testng.TestNG.runSuitesLocally(TestNG.java:1122)
	at org.testng.TestNG.run(TestNG.java:1030)
	at org.apache.maven.surefire.testng.TestNGExecutor.run(TestNGExecutor.java:60)
	at org.apache.maven.surefire.testng.TestNGDirectoryTestSuite.executeMulti(TestNGDirectoryTestSuite.java:153)
	at org.apache.maven.surefire.testng.TestNGDirectoryTestSuite.execute(TestNGDirectoryTestSuite.java:99)
	at org.apache.maven.surefire.testng.TestNGProvider.invoke(TestNGProvider.java:111)
	at sun.reflect.NativeMethodAccessorImpl.invoke0(Native Method)
	at sun.reflect.NativeMethodAccessorImpl.invoke(NativeMethodAccessorImpl.java:39)
	at sun.reflect.DelegatingMethodAccessorImpl.invoke(DelegatingMethodAccessorImpl.java:25)
	at java.lang.reflect.Method.invoke(Method.java:597)
	at org.apache.maven.surefire.booter.ProviderFactory$ClassLoaderProxy.invoke(ProviderFactory.java:103)
	at com.sun.proxy.$Proxy0.invoke(Unknown Source)
	at org.apache.maven.surefire.booter.SurefireStarter.invokeProvider(SurefireStarter.java:150)
	at org.apache.maven.surefire.booter.SurefireStarter.runSuitesInProcess(SurefireStarter.java:91)
	at org.apache.maven.surefire.booter.ForkedBooter.main(ForkedBooter.java:69)
]]>
            </full-stacktrace>
          </exception> <!-- java.lang.NullPointerException -->
          <reporter-output>
          </reporter-output>
        </test-method> <!-- test_getDataFromGettedFolder -->
        <test-method status="PASS" signature="setUp()[pri:0, instance:com.apiumtech.spider.util.SpiderGettedFileTest@60f47bf5]" name="setUp" is-config="true" duration-ms="0" started-at="2013-07-05T17:41:23Z" finished-at="2013-07-05T17:41:23Z">
          <reporter-output>
          </reporter-output>
        </test-method> <!-- setUp -->
        <test-method status="PASS" signature="setUp()[pri:0, instance:com.apiumtech.spider.util.SpiderGettedFileTest@60f47bf5]" name="setUp" is-config="true" duration-ms="0" started-at="2013-07-05T17:41:23Z" finished-at="2013-07-05T17:41:23Z">
          <reporter-output>
          </reporter-output>
        </test-method> <!-- setUp -->
        <test-method status="PASS" signature="test_parseFaxNumber_(java.lang.String)[pri:0, instance:com.apiumtech.spider.util.SpiderGettedFileTest@60f47bf5]" name="test_parseFaxNumber_" duration-ms="1" started-at="2013-07-05T17:41:23Z" data-provider="faxes" finished-at="2013-07-05T17:41:23Z">
          <params>
            <param index="0">
              <value>
                <![CDATA[(+34) 93 437 16 28]]>
              </value>
            </param>
          </params>
          <reporter-output>
          </reporter-output>
        </test-method> <!-- test_parseFaxNumber_ -->
        <test-method status="PASS" signature="setUp()[pri:0, instance:com.apiumtech.spider.util.SpiderGettedFileTest@60f47bf5]" name="setUp" is-config="true" duration-ms="0" started-at="2013-07-05T17:41:23Z" finished-at="2013-07-05T17:41:23Z">
          <reporter-output>
          </reporter-output>
        </test-method> <!-- setUp -->
        <test-method status="PASS" signature="test_parseFaxNumber_(java.lang.String)[pri:0, instance:com.apiumtech.spider.util.SpiderGettedFileTest@60f47bf5]" name="test_parseFaxNumber_" duration-ms="0" started-at="2013-07-05T17:41:23Z" data-provider="faxes" finished-at="2013-07-05T17:41:23Z">
          <params>
            <param index="0">
              <value>
                <![CDATA[+34 93 437 16 28]]>
              </value>
            </param>
          </params>
          <reporter-output>
          </reporter-output>
        </test-method> <!-- test_parseFaxNumber_ -->
        <test-method status="PASS" signature="setUp()[pri:0, instance:com.apiumtech.spider.util.SpiderGettedFileTest@60f47bf5]" name="setUp" is-config="true" duration-ms="1" started-at="2013-07-05T17:41:23Z" finished-at="2013-07-05T17:41:23Z">
          <reporter-output>
          </reporter-output>
        </test-method> <!-- setUp -->
        <test-method status="PASS" signature="test_parseFaxNumber_(java.lang.String)[pri:0, instance:com.apiumtech.spider.util.SpiderGettedFileTest@60f47bf5]" name="test_parseFaxNumber_" duration-ms="0" started-at="2013-07-05T17:41:23Z" data-provider="faxes" finished-at="2013-07-05T17:41:23Z">
          <params>
            <param index="0">
              <value>
                <![CDATA[fax[(+34) 93 437 16 28]]]>
              </value>
            </param>
          </params>
          <reporter-output>
          </reporter-output>
        </test-method> <!-- test_parseFaxNumber_ -->
        <test-method status="PASS" signature="setUp()[pri:0, instance:com.apiumtech.spider.util.SpiderGettedFileTest@60f47bf5]" name="setUp" is-config="true" duration-ms="0" started-at="2013-07-05T17:41:23Z" finished-at="2013-07-05T17:41:23Z">
          <reporter-output>
          </reporter-output>
        </test-method> <!-- setUp -->
        <test-method status="PASS" signature="test_parseFaxNumber_(java.lang.String)[pri:0, instance:com.apiumtech.spider.util.SpiderGettedFileTest@60f47bf5]" name="test_parseFaxNumber_" duration-ms="0" started-at="2013-07-05T17:41:23Z" data-provider="faxes" finished-at="2013-07-05T17:41:23Z">
          <params>
            <param index="0">
              <value>
                <![CDATA[fax[(+34) 93 437 16 28]]]>
              </value>
            </param>
          </params>
          <reporter-output>
          </reporter-output>
        </test-method> <!-- test_parseFaxNumber_ -->
        <test-method status="PASS" signature="setUp()[pri:0, instance:com.apiumtech.spider.util.SpiderGettedFileTest@60f47bf5]" name="setUp" is-config="true" duration-ms="0" started-at="2013-07-05T17:41:23Z" finished-at="2013-07-05T17:41:23Z">
          <reporter-output>
          </reporter-output>
        </test-method> <!-- setUp -->
        <test-method status="PASS" signature="test_parseFaxNumber_(java.lang.String)[pri:0, instance:com.apiumtech.spider.util.SpiderGettedFileTest@60f47bf5]" name="test_parseFaxNumber_" duration-ms="1" started-at="2013-07-05T17:41:23Z" data-provider="faxes" finished-at="2013-07-05T17:41:23Z">
          <params>
            <param index="0">
              <value>
                <![CDATA[9343716280]]>
              </value>
            </param>
          </params>
          <reporter-output>
          </reporter-output>
        </test-method> <!-- test_parseFaxNumber_ -->
        <test-method status="PASS" signature="setUp()[pri:0, instance:com.apiumtech.spider.util.SpiderGettedFileTest@60f47bf5]" name="setUp" is-config="true" duration-ms="0" started-at="2013-07-05T17:41:23Z" finished-at="2013-07-05T17:41:23Z">
          <reporter-output>
          </reporter-output>
        </test-method> <!-- setUp -->
        <test-method status="PASS" signature="test_parseFaxNumber_(java.lang.String)[pri:0, instance:com.apiumtech.spider.util.SpiderGettedFileTest@60f47bf5]" name="test_parseFaxNumber_" duration-ms="1" started-at="2013-07-05T17:41:23Z" data-provider="faxes" finished-at="2013-07-05T17:41:23Z">
          <params>
            <param index="0">
              <value>
                <![CDATA[934371628]]>
              </value>
            </param>
          </params>
          <reporter-output>
          </reporter-output>
        </test-method> <!-- test_parseFaxNumber_ -->
      </class> <!-- com.apiumtech.spider.util.SpiderGettedFileTest -->
      <class name="com.apiumtech.spider.parser.PaginasAmarillasFichaParserTest">
        <test-method status="PASS" signature="setUp()[pri:0, instance:com.apiumtech.spider.parser.PaginasAmarillasFichaParserTest@15aaf0b3]" name="setUp" is-config="true" duration-ms="30" started-at="2013-07-05T17:41:23Z" finished-at="2013-07-05T17:41:23Z">
          <reporter-output>
          </reporter-output>
        </test-method> <!-- setUp -->
        <test-method status="PASS" signature="testGetTitleFromPAHtml()[pri:0, instance:com.apiumtech.spider.parser.PaginasAmarillasFichaParserTest@15aaf0b3]" name="testGetTitleFromPAHtml" duration-ms="1" started-at="2013-07-05T17:41:23Z" finished-at="2013-07-05T17:41:23Z">
          <reporter-output>
          </reporter-output>
        </test-method> <!-- testGetTitleFromPAHtml -->
        <test-method status="PASS" signature="testParseTxtToHTml()[pri:0, instance:com.apiumtech.spider.parser.PaginasAmarillasFichaParserTest@15aaf0b3]" name="testParseTxtToHTml" duration-ms="1" started-at="2013-07-05T17:41:23Z" finished-at="2013-07-05T17:41:23Z">
          <reporter-output>
          </reporter-output>
        </test-method> <!-- testParseTxtToHTml -->
        <test-method status="PASS" signature="setUp()[pri:0, instance:com.apiumtech.spider.parser.PaginasAmarillasFichaParserTest@15aaf0b3]" name="setUp" is-config="true" duration-ms="0" started-at="2013-07-05T17:41:23Z" finished-at="2013-07-05T17:41:23Z">
          <reporter-output>
          </reporter-output>
        </test-method> <!-- setUp -->
        <test-method status="PASS" signature="setUp()[pri:0, instance:com.apiumtech.spider.parser.PaginasAmarillasFichaParserTest@15aaf0b3]" name="setUp" is-config="true" duration-ms="0" started-at="2013-07-05T17:41:23Z" finished-at="2013-07-05T17:41:23Z">
          <reporter-output>
          </reporter-output>
        </test-method> <!-- setUp -->
        <test-method status="PASS" signature="test_getAddressFromPAHtml()[pri:0, instance:com.apiumtech.spider.parser.PaginasAmarillasFichaParserTest@15aaf0b3]" name="test_getAddressFromPAHtml" duration-ms="1" started-at="2013-07-05T17:41:23Z" finished-at="2013-07-05T17:41:23Z">
          <reporter-output>
          </reporter-output>
        </test-method> <!-- test_getAddressFromPAHtml -->
        <test-method status="PASS" signature="test_getEnterpriseDataFromPAHtml()[pri:0, instance:com.apiumtech.spider.parser.PaginasAmarillasFichaParserTest@15aaf0b3]" name="test_getEnterpriseDataFromPAHtml" duration-ms="5" started-at="2013-07-05T17:41:23Z" finished-at="2013-07-05T17:41:23Z">
          <reporter-output>
          </reporter-output>
        </test-method> <!-- test_getEnterpriseDataFromPAHtml -->
        <test-method status="PASS" signature="setUp()[pri:0, instance:com.apiumtech.spider.parser.PaginasAmarillasFichaParserTest@15aaf0b3]" name="setUp" is-config="true" duration-ms="0" started-at="2013-07-05T17:41:23Z" finished-at="2013-07-05T17:41:23Z">
          <reporter-output>
          </reporter-output>
        </test-method> <!-- setUp -->
        <test-method status="PASS" signature="setUp()[pri:0, instance:com.apiumtech.spider.parser.PaginasAmarillasFichaParserTest@15aaf0b3]" name="setUp" is-config="true" duration-ms="1" started-at="2013-07-05T17:41:23Z" finished-at="2013-07-05T17:41:23Z">
          <reporter-output>
          </reporter-output>
        </test-method> <!-- setUp -->
        <test-method status="PASS" signature="setUp()[pri:0, instance:com.apiumtech.spider.parser.PaginasAmarillasFichaParserTest@15aaf0b3]" name="setUp" is-config="true" duration-ms="1" started-at="2013-07-05T17:41:23Z" finished-at="2013-07-05T17:41:23Z">
          <reporter-output>
          </reporter-output>
        </test-method> <!-- setUp -->
        <test-method status="PASS" signature="test_getEnterpriseIdPAHtml()[pri:0, instance:com.apiumtech.spider.parser.PaginasAmarillasFichaParserTest@15aaf0b3]" name="test_getEnterpriseIdPAHtml" duration-ms="0" started-at="2013-07-05T17:41:23Z" finished-at="2013-07-05T17:41:23Z">
          <reporter-output>
          </reporter-output>
        </test-method> <!-- test_getEnterpriseIdPAHtml -->
        <test-method status="PASS" signature="test_getLocalityFromPAHtml()[pri:0, instance:com.apiumtech.spider.parser.PaginasAmarillasFichaParserTest@15aaf0b3]" name="test_getLocalityFromPAHtml" duration-ms="0" started-at="2013-07-05T17:41:23Z" finished-at="2013-07-05T17:41:23Z">
          <reporter-output>
          </reporter-output>
        </test-method> <!-- test_getLocalityFromPAHtml -->
        <test-method status="PASS" signature="setUp()[pri:0, instance:com.apiumtech.spider.parser.PaginasAmarillasFichaParserTest@15aaf0b3]" name="setUp" is-config="true" duration-ms="0" started-at="2013-07-05T17:41:23Z" finished-at="2013-07-05T17:41:23Z">
          <reporter-output>
          </reporter-output>
        </test-method> <!-- setUp -->
        <test-method status="PASS" signature="test_getParamsFromPAHtml()[pri:0, instance:com.apiumtech.spider.parser.PaginasAmarillasFichaParserTest@15aaf0b3]" name="test_getParamsFromPAHtml" duration-ms="1" started-at="2013-07-05T17:41:23Z" finished-at="2013-07-05T17:41:23Z">
          <reporter-output>
          </reporter-output>
        </test-method> <!-- test_getParamsFromPAHtml -->
        <test-method status="PASS" signature="setUp()[pri:0, instance:com.apiumtech.spider.parser.PaginasAmarillasFichaParserTest@15aaf0b3]" name="setUp" is-config="true" duration-ms="0" started-at="2013-07-05T17:41:23Z" finished-at="2013-07-05T17:41:23Z">
          <reporter-output>
          </reporter-output>
        </test-method> <!-- setUp -->
        <test-method status="PASS" signature="test_getPhoneDataFromPAHtml()[pri:0, instance:com.apiumtech.spider.parser.PaginasAmarillasFichaParserTest@15aaf0b3]" name="test_getPhoneDataFromPAHtml" duration-ms="1" started-at="2013-07-05T17:41:23Z" finished-at="2013-07-05T17:41:23Z">
          <reporter-output>
          </reporter-output>
        </test-method> <!-- test_getPhoneDataFromPAHtml -->
        <test-method status="PASS" signature="setUp()[pri:0, instance:com.apiumtech.spider.parser.PaginasAmarillasFichaParserTest@15aaf0b3]" name="setUp" is-config="true" duration-ms="0" started-at="2013-07-05T17:41:23Z" finished-at="2013-07-05T17:41:23Z">
          <reporter-output>
          </reporter-output>
        </test-method> <!-- setUp -->
        <test-method status="PASS" signature="test_getPostalCodeFromPAHtml()[pri:0, instance:com.apiumtech.spider.parser.PaginasAmarillasFichaParserTest@15aaf0b3]" name="test_getPostalCodeFromPAHtml" duration-ms="0" started-at="2013-07-05T17:41:23Z" finished-at="2013-07-05T17:41:23Z">
          <reporter-output>
          </reporter-output>
        </test-method> <!-- test_getPostalCodeFromPAHtml -->
        <test-method status="PASS" signature="test_getRegionFromPAHtml()[pri:0, instance:com.apiumtech.spider.parser.PaginasAmarillasFichaParserTest@15aaf0b3]" name="test_getRegionFromPAHtml" duration-ms="0" started-at="2013-07-05T17:41:23Z" finished-at="2013-07-05T17:41:23Z">
          <reporter-output>
          </reporter-output>
        </test-method> <!-- test_getRegionFromPAHtml -->
        <test-method status="PASS" signature="setUp()[pri:0, instance:com.apiumtech.spider.parser.PaginasAmarillasFichaParserTest@15aaf0b3]" name="setUp" is-config="true" duration-ms="0" started-at="2013-07-05T17:41:23Z" finished-at="2013-07-05T17:41:23Z">
          <reporter-output>
          </reporter-output>
        </test-method> <!-- setUp -->
      </class> <!-- com.apiumtech.spider.parser.PaginasAmarillasFichaParserTest -->
      <class name="com.apiumtech.spider.SpiderGutenbergTest">
        <test-method status="PASS" signature="setUp()[pri:0, instance:com.apiumtech.spider.SpiderGutenbergTest@16b8f8eb]" name="setUp" is-config="true" duration-ms="11331" started-at="2013-07-05T17:41:23Z" finished-at="2013-07-05T17:41:35Z">
          <reporter-output>
          </reporter-output>
        </test-method> <!-- setUp -->
        <test-method status="PASS" signature="test_do()[pri:0, instance:com.apiumtech.spider.SpiderGutenbergTest@16b8f8eb]" name="test_do" duration-ms="8080" started-at="2013-07-05T17:41:35Z" finished-at="2013-07-05T17:41:43Z">
          <reporter-output>
          </reporter-output>
        </test-method> <!-- test_do -->
      </class> <!-- com.apiumtech.spider.SpiderGutenbergTest -->
      <class name="com.apiumtech.spider.agent.AgentPaginasAmarillasEnterpriseEsTest">
        <test-method status="PASS" signature="setUp()[pri:0, instance:com.apiumtech.spider.agent.AgentPaginasAmarillasEnterpriseEsTest@52f6438d]" name="setUp" is-config="true" duration-ms="13" started-at="2013-07-05T17:41:19Z" finished-at="2013-07-05T17:41:19Z">
          <reporter-output>
          </reporter-output>
        </test-method> <!-- setUp -->
        <test-method status="PASS" signature="testRun()[pri:0, instance:com.apiumtech.spider.agent.AgentPaginasAmarillasEnterpriseEsTest@52f6438d]" name="testRun" duration-ms="1" started-at="2013-07-05T17:41:19Z" finished-at="2013-07-05T17:41:19Z">
          <reporter-output>
          </reporter-output>
        </test-method> <!-- testRun -->
        <test-method status="PASS" signature="setUp()[pri:0, instance:com.apiumtech.spider.agent.AgentPaginasAmarillasEnterpriseEsTest@52f6438d]" name="setUp" is-config="true" duration-ms="1" started-at="2013-07-05T17:41:19Z" finished-at="2013-07-05T17:41:19Z">
          <reporter-output>
          </reporter-output>
        </test-method> <!-- setUp -->
        <test-method status="FAIL" signature="test_parseURL_paginasamarillasUrl_()[pri:0, instance:com.apiumtech.spider.agent.AgentPaginasAmarillasEnterpriseEsTest@52f6438d]" name="test_parseURL_paginasamarillasUrl_" duration-ms="3040" started-at="2013-07-05T17:41:19Z" finished-at="2013-07-05T17:41:22Z">
          <exception class="junit.framework.AssertionFailedError">
            <message>
              <![CDATA[expected:<12> but was:<0>]]>
            </message>
            <full-stacktrace>
              <![CDATA[junit.framework.AssertionFailedError: expected:<12> but was:<0>
	at junit.framework.Assert.fail(Assert.java:50)
	at junit.framework.Assert.failNotEquals(Assert.java:287)
	at junit.framework.Assert.assertEquals(Assert.java:67)
	at junit.framework.Assert.assertEquals(Assert.java:199)
	at junit.framework.Assert.assertEquals(Assert.java:205)
	at com.apiumtech.spider.agent.AgentPaginasAmarillasEnterpriseEsTest.test_parseURL_paginasamarillasUrl_(AgentPaginasAmarillasEnterpriseEsTest.java:42)
	at sun.reflect.NativeMethodAccessorImpl.invoke0(Native Method)
	at sun.reflect.NativeMethodAccessorImpl.invoke(NativeMethodAccessorImpl.java:39)
	at sun.reflect.DelegatingMethodAccessorImpl.invoke(DelegatingMethodAccessorImpl.java:25)
	at java.lang.reflect.Method.invoke(Method.java:597)
	at org.testng.internal.MethodInvocationHelper.invokeMethod(MethodInvocationHelper.java:80)
	at org.testng.internal.Invoker.invokeMethod(Invoker.java:715)
	at org.testng.internal.Invoker.invokeTestMethod(Invoker.java:907)
	at org.testng.internal.Invoker.invokeTestMethods(Invoker.java:1237)
	at org.testng.internal.TestMethodWorker.invokeTestMethods(TestMethodWorker.java:127)
	at org.testng.internal.TestMethodWorker.run(TestMethodWorker.java:111)
	at org.testng.TestRunner.privateRun(TestRunner.java:767)
	at org.testng.TestRunner.run(TestRunner.java:617)
	at org.testng.SuiteRunner.runTest(SuiteRunner.java:334)
	at org.testng.SuiteRunner.runSequentially(SuiteRunner.java:329)
	at org.testng.SuiteRunner.privateRun(SuiteRunner.java:291)
	at org.testng.SuiteRunner.run(SuiteRunner.java:240)
	at org.testng.SuiteRunnerWorker.runSuite(SuiteRunnerWorker.java:51)
	at org.testng.SuiteRunnerWorker.run(SuiteRunnerWorker.java:85)
	at org.testng.TestNG.runSuitesSequentially(TestNG.java:1197)
	at org.testng.TestNG.runSuitesLocally(TestNG.java:1122)
	at org.testng.TestNG.run(TestNG.java:1030)
	at org.apache.maven.surefire.testng.TestNGExecutor.run(TestNGExecutor.java:60)
	at org.apache.maven.surefire.testng.TestNGDirectoryTestSuite.executeMulti(TestNGDirectoryTestSuite.java:153)
	at org.apache.maven.surefire.testng.TestNGDirectoryTestSuite.execute(TestNGDirectoryTestSuite.java:99)
	at org.apache.maven.surefire.testng.TestNGProvider.invoke(TestNGProvider.java:111)
	at sun.reflect.NativeMethodAccessorImpl.invoke0(Native Method)
	at sun.reflect.NativeMethodAccessorImpl.invoke(NativeMethodAccessorImpl.java:39)
	at sun.reflect.DelegatingMethodAccessorImpl.invoke(DelegatingMethodAccessorImpl.java:25)
	at java.lang.reflect.Method.invoke(Method.java:597)
	at org.apache.maven.surefire.booter.ProviderFactory$ClassLoaderProxy.invoke(ProviderFactory.java:103)
	at com.sun.proxy.$Proxy0.invoke(Unknown Source)
	at org.apache.maven.surefire.booter.SurefireStarter.invokeProvider(SurefireStarter.java:150)
	at org.apache.maven.surefire.booter.SurefireStarter.runSuitesInProcess(SurefireStarter.java:91)
	at org.apache.maven.surefire.booter.ForkedBooter.main(ForkedBooter.java:69)
]]>
            </full-stacktrace>
          </exception> <!-- junit.framework.AssertionFailedError -->
          <reporter-output>
          </reporter-output>
        </test-method> <!-- test_parseURL_paginasamarillasUrl_ -->
      </class> <!-- com.apiumtech.spider.agent.AgentPaginasAmarillasEnterpriseEsTest -->
      <class name="com.apiumtech.spider.HttpDownloaderTest">
        <test-method status="PASS" signature="setUp()[pri:0, instance:com.apiumtech.spider.HttpDownloaderTest@2c19e15c]" name="setUp" is-config="true" duration-ms="0" started-at="2013-07-05T17:41:23Z" finished-at="2013-07-05T17:41:23Z">
          <reporter-output>
          </reporter-output>
        </test-method> <!-- setUp -->
        <test-method status="PASS" signature="testGetProxy()[pri:0, instance:com.apiumtech.spider.HttpDownloaderTest@2c19e15c]" name="testGetProxy" duration-ms="0" started-at="2013-07-05T17:41:23Z" finished-at="2013-07-05T17:41:23Z">
          <reporter-output>
          </reporter-output>
        </test-method> <!-- testGetProxy -->
        <test-method status="PASS" signature="testGetRequest()[pri:0, instance:com.apiumtech.spider.HttpDownloaderTest@2c19e15c]" name="testGetRequest" duration-ms="785" started-at="2013-07-05T17:41:23Z" finished-at="2013-07-05T17:41:23Z">
          <reporter-output>
          </reporter-output>
        </test-method> <!-- testGetRequest -->
        <test-method status="PASS" signature="setUp()[pri:0, instance:com.apiumtech.spider.HttpDownloaderTest@2c19e15c]" name="setUp" is-config="true" duration-ms="0" started-at="2013-07-05T17:41:23Z" finished-at="2013-07-05T17:41:23Z">
          <reporter-output>
          </reporter-output>
        </test-method> <!-- setUp -->
        <test-method status="PASS" signature="testGetRequestBinary()[pri:0, instance:com.apiumtech.spider.HttpDownloaderTest@2c19e15c]" name="testGetRequestBinary" duration-ms="0" started-at="2013-07-05T17:41:23Z" finished-at="2013-07-05T17:41:23Z">
          <reporter-output>
          </reporter-output>
        </test-method> <!-- testGetRequestBinary -->
        <test-method status="PASS" signature="setUp()[pri:0, instance:com.apiumtech.spider.HttpDownloaderTest@2c19e15c]" name="setUp" is-config="true" duration-ms="0" started-at="2013-07-05T17:41:23Z" finished-at="2013-07-05T17:41:23Z">
          <reporter-output>
          </reporter-output>
        </test-method> <!-- setUp -->
        <test-method status="PASS" signature="testIsInCache()[pri:0, instance:com.apiumtech.spider.HttpDownloaderTest@2c19e15c]" name="testIsInCache" duration-ms="0" started-at="2013-07-05T17:41:23Z" finished-at="2013-07-05T17:41:23Z">
          <reporter-output>
          </reporter-output>
        </test-method> <!-- testIsInCache -->
        <test-method status="PASS" signature="testPostRequest()[pri:0, instance:com.apiumtech.spider.HttpDownloaderTest@2c19e15c]" name="testPostRequest" duration-ms="0" started-at="2013-07-05T17:41:23Z" finished-at="2013-07-05T17:41:23Z">
          <reporter-output>
          </reporter-output>
        </test-method> <!-- testPostRequest -->
        <test-method status="PASS" signature="setUp()[pri:0, instance:com.apiumtech.spider.HttpDownloaderTest@2c19e15c]" name="setUp" is-config="true" duration-ms="0" started-at="2013-07-05T17:41:23Z" finished-at="2013-07-05T17:41:23Z">
          <reporter-output>
          </reporter-output>
        </test-method> <!-- setUp -->
        <test-method status="PASS" signature="setUp()[pri:0, instance:com.apiumtech.spider.HttpDownloaderTest@2c19e15c]" name="setUp" is-config="true" duration-ms="0" started-at="2013-07-05T17:41:23Z" finished-at="2013-07-05T17:41:23Z">
          <reporter-output>
          </reporter-output>
        </test-method> <!-- setUp -->
        <test-method status="PASS" signature="test_getCacheFileName_url_parsedUrlWritebleToFile()[pri:0, instance:com.apiumtech.spider.HttpDownloaderTest@2c19e15c]" name="test_getCacheFileName_url_parsedUrlWritebleToFile" duration-ms="1" started-at="2013-07-05T17:41:23Z" finished-at="2013-07-05T17:41:23Z">
          <reporter-output>
          </reporter-output>
        </test-method> <!-- test_getCacheFileName_url_parsedUrlWritebleToFile -->
        <test-method status="PASS" signature="setUp()[pri:0, instance:com.apiumtech.spider.HttpDownloaderTest@2c19e15c]" name="setUp" is-config="true" duration-ms="0" started-at="2013-07-05T17:41:23Z" finished-at="2013-07-05T17:41:23Z">
          <reporter-output>
          </reporter-output>
        </test-method> <!-- setUp -->
        <test-method status="PASS" signature="testSetProxy()[pri:0, instance:com.apiumtech.spider.HttpDownloaderTest@2c19e15c]" name="testSetProxy" duration-ms="0" started-at="2013-07-05T17:41:23Z" finished-at="2013-07-05T17:41:23Z">
          <reporter-output>
          </reporter-output>
        </test-method> <!-- testSetProxy -->
        <test-method status="PASS" signature="setUp()[pri:0, instance:com.apiumtech.spider.HttpDownloaderTest@2c19e15c]" name="setUp" is-config="true" duration-ms="0" started-at="2013-07-05T17:41:23Z" finished-at="2013-07-05T17:41:23Z">
          <reporter-output>
          </reporter-output>
        </test-method> <!-- setUp -->
      </class> <!-- com.apiumtech.spider.HttpDownloaderTest -->
      <class name="com.apiumtech.spider.si.AgentSiRSS_Test">
        <test-method status="PASS" signature="setUp()[pri:0, instance:com.apiumtech.spider.si.AgentSiRSS_Test@6860991f]" name="setUp" is-config="true" duration-ms="4" started-at="2013-07-05T17:41:23Z" finished-at="2013-07-05T17:41:23Z">
          <reporter-output>
          </reporter-output>
        </test-method> <!-- setUp -->
        <test-method status="PASS" signature="test_Name()[pri:0, instance:com.apiumtech.spider.si.AgentSiRSS_Test@6860991f]" name="test_Name" duration-ms="0" started-at="2013-07-05T17:41:23Z" finished-at="2013-07-05T17:41:23Z">
          <reporter-output>
          </reporter-output>
        </test-method> <!-- test_Name -->
        <test-method status="PASS" signature="setUp()[pri:0, instance:com.apiumtech.spider.si.AgentSiRSS_Test@6860991f]" name="setUp" is-config="true" duration-ms="1" started-at="2013-07-05T17:41:23Z" finished-at="2013-07-05T17:41:23Z">
          <reporter-output>
          </reporter-output>
        </test-method> <!-- setUp -->
        <test-method status="PASS" signature="test_getRequest_()[pri:0, instance:com.apiumtech.spider.si.AgentSiRSS_Test@6860991f]" name="test_getRequest_" duration-ms="56" started-at="2013-07-05T17:41:23Z" finished-at="2013-07-05T17:41:23Z">
          <reporter-output>
          </reporter-output>
        </test-method> <!-- test_getRequest_ -->
        <test-method status="PASS" signature="setUp()[pri:0, instance:com.apiumtech.spider.si.AgentSiRSS_Test@6860991f]" name="setUp" is-config="true" duration-ms="0" started-at="2013-07-05T17:41:23Z" finished-at="2013-07-05T17:41:23Z">
          <reporter-output>
          </reporter-output>
        </test-method> <!-- setUp -->
        <test-method status="PASS" signature="test_start_feedRootPage()[pri:0, instance:com.apiumtech.spider.si.AgentSiRSS_Test@6860991f]" name="test_start_feedRootPage" duration-ms="61" started-at="2013-07-05T17:41:23Z" finished-at="2013-07-05T17:41:23Z">
          <reporter-output>
          </reporter-output>
        </test-method> <!-- test_start_feedRootPage -->
      </class> <!-- com.apiumtech.spider.si.AgentSiRSS_Test -->
      <class name="com.apiumtech.spider.agent.AgentsManagerTest">
        <test-method status="PASS" signature="setUp()[pri:0, instance:com.apiumtech.spider.agent.AgentsManagerTest@7ffc6e42]" name="setUp" is-config="true" duration-ms="1" started-at="2013-07-05T17:41:23Z" finished-at="2013-07-05T17:41:23Z">
          <reporter-output>
          </reporter-output>
        </test-method> <!-- setUp -->
        <test-method status="PASS" signature="testStopAgentsManager()[pri:0, instance:com.apiumtech.spider.agent.AgentsManagerTest@7ffc6e42]" name="testStopAgentsManager" duration-ms="0" started-at="2013-07-05T17:41:23Z" finished-at="2013-07-05T17:41:23Z">
          <reporter-output>
          </reporter-output>
        </test-method> <!-- testStopAgentsManager -->
        <test-method status="PASS" signature="testRun()[pri:0, instance:com.apiumtech.spider.agent.AgentsManagerTest@7ffc6e42]" name="testRun" duration-ms="0" started-at="2013-07-05T17:41:23Z" finished-at="2013-07-05T17:41:23Z">
          <reporter-output>
          </reporter-output>
        </test-method> <!-- testRun -->
        <test-method status="PASS" signature="setUp()[pri:0, instance:com.apiumtech.spider.agent.AgentsManagerTest@7ffc6e42]" name="setUp" is-config="true" duration-ms="0" started-at="2013-07-05T17:41:23Z" finished-at="2013-07-05T17:41:23Z">
          <reporter-output>
          </reporter-output>
        </test-method> <!-- setUp -->
      </class> <!-- com.apiumtech.spider.agent.AgentsManagerTest -->
      <class name="com.apiumtech.spider.parser.SeccionAmarillaMeFichaParserTest">
        <test-method status="PASS" signature="setUp()[pri:0, instance:com.apiumtech.spider.parser.SeccionAmarillaMeFichaParserTest@7f70888e]" name="setUp" is-config="true" duration-ms="1" started-at="2013-07-05T17:41:23Z" finished-at="2013-07-05T17:41:23Z">
          <reporter-output>
          </reporter-output>
        </test-method> <!-- setUp -->
        <test-method status="PASS" signature="testParseTxtToHTml()[pri:0, instance:com.apiumtech.spider.parser.SeccionAmarillaMeFichaParserTest@7f70888e]" name="testParseTxtToHTml" duration-ms="0" started-at="2013-07-05T17:41:23Z" finished-at="2013-07-05T17:41:23Z">
          <reporter-output>
          </reporter-output>
        </test-method> <!-- testParseTxtToHTml -->
        <test-method status="PASS" signature="test_getAddressFromPAHtml()[pri:0, instance:com.apiumtech.spider.parser.SeccionAmarillaMeFichaParserTest@7f70888e]" name="test_getAddressFromPAHtml" duration-ms="0" started-at="2013-07-05T17:41:23Z" finished-at="2013-07-05T17:41:23Z">
          <reporter-output>
          </reporter-output>
        </test-method> <!-- test_getAddressFromPAHtml -->
        <test-method status="PASS" signature="setUp()[pri:0, instance:com.apiumtech.spider.parser.SeccionAmarillaMeFichaParserTest@7f70888e]" name="setUp" is-config="true" duration-ms="0" started-at="2013-07-05T17:41:23Z" finished-at="2013-07-05T17:41:23Z">
          <reporter-output>
          </reporter-output>
        </test-method> <!-- setUp -->
        <test-method status="PASS" signature="setUp()[pri:0, instance:com.apiumtech.spider.parser.SeccionAmarillaMeFichaParserTest@7f70888e]" name="setUp" is-config="true" duration-ms="0" started-at="2013-07-05T17:41:23Z" finished-at="2013-07-05T17:41:23Z">
          <reporter-output>
          </reporter-output>
        </test-method> <!-- setUp -->
        <test-method status="PASS" signature="test_getCategoriaFromPAHtml()[pri:0, instance:com.apiumtech.spider.parser.SeccionAmarillaMeFichaParserTest@7f70888e]" name="test_getCategoriaFromPAHtml" duration-ms="0" started-at="2013-07-05T17:41:23Z" finished-at="2013-07-05T17:41:23Z">
          <reporter-output>
          </reporter-output>
        </test-method> <!-- test_getCategoriaFromPAHtml -->
        <test-method status="PASS" signature="test_getLocalityFromPAHtml()[pri:0, instance:com.apiumtech.spider.parser.SeccionAmarillaMeFichaParserTest@7f70888e]" name="test_getLocalityFromPAHtml" duration-ms="0" started-at="2013-07-05T17:41:23Z" finished-at="2013-07-05T17:41:23Z">
          <reporter-output>
          </reporter-output>
        </test-method> <!-- test_getLocalityFromPAHtml -->
        <test-method status="PASS" signature="setUp()[pri:0, instance:com.apiumtech.spider.parser.SeccionAmarillaMeFichaParserTest@7f70888e]" name="setUp" is-config="true" duration-ms="1" started-at="2013-07-05T17:41:23Z" finished-at="2013-07-05T17:41:23Z">
          <reporter-output>
          </reporter-output>
        </test-method> <!-- setUp -->
        <test-method status="PASS" signature="setUp()[pri:0, instance:com.apiumtech.spider.parser.SeccionAmarillaMeFichaParserTest@7f70888e]" name="setUp" is-config="true" duration-ms="0" started-at="2013-07-05T17:41:23Z" finished-at="2013-07-05T17:41:23Z">
          <reporter-output>
          </reporter-output>
        </test-method> <!-- setUp -->
        <test-method status="PASS" signature="test_getPostalCodeFromPAHtml()[pri:0, instance:com.apiumtech.spider.parser.SeccionAmarillaMeFichaParserTest@7f70888e]" name="test_getPostalCodeFromPAHtml" duration-ms="1" started-at="2013-07-05T17:41:23Z" finished-at="2013-07-05T17:41:23Z">
          <reporter-output>
          </reporter-output>
        </test-method> <!-- test_getPostalCodeFromPAHtml -->
        <test-method status="PASS" signature="test_getPhoneFromPAHtml()[pri:0, instance:com.apiumtech.spider.parser.SeccionAmarillaMeFichaParserTest@7f70888e]" name="test_getPhoneFromPAHtml" duration-ms="0" started-at="2013-07-05T17:41:23Z" finished-at="2013-07-05T17:41:23Z">
          <reporter-output>
          </reporter-output>
        </test-method> <!-- test_getPhoneFromPAHtml -->
        <test-method status="PASS" signature="setUp()[pri:0, instance:com.apiumtech.spider.parser.SeccionAmarillaMeFichaParserTest@7f70888e]" name="setUp" is-config="true" duration-ms="0" started-at="2013-07-05T17:41:23Z" finished-at="2013-07-05T17:41:23Z">
          <reporter-output>
          </reporter-output>
        </test-method> <!-- setUp -->
        <test-method status="PASS" signature="setUp()[pri:0, instance:com.apiumtech.spider.parser.SeccionAmarillaMeFichaParserTest@7f70888e]" name="setUp" is-config="true" duration-ms="0" started-at="2013-07-05T17:41:23Z" finished-at="2013-07-05T17:41:23Z">
          <reporter-output>
          </reporter-output>
        </test-method> <!-- setUp -->
        <test-method status="PASS" signature="test_getTitleFromPAHtml()[pri:0, instance:com.apiumtech.spider.parser.SeccionAmarillaMeFichaParserTest@7f70888e]" name="test_getTitleFromPAHtml" duration-ms="0" started-at="2013-07-05T17:41:23Z" finished-at="2013-07-05T17:41:23Z">
          <reporter-output>
          </reporter-output>
        </test-method> <!-- test_getTitleFromPAHtml -->
      </class> <!-- com.apiumtech.spider.parser.SeccionAmarillaMeFichaParserTest -->
    </test> <!-- Command line test -->
  </suite> <!-- Command line suite -->
</testng-results>
