<?xml version="1.0" encoding="UTF-8" ?>
<testsuite failures="3" time="37.742" errors="0" skipped="0" tests="41" name="TestSuite">
  <properties>
[...]
</properties>
  <testcase time="0" classname="com.apiumtech.spider.agent.AgentPaginasAmarillasEnterpriseEsTest" name="testRun"/>
  <testcase time="3.044" classname="com.apiumtech.spider.agent.AgentPaginasAmarillasEnterpriseEsTest" name="test_parseURL_paginasamarillasUrl_">
    <failure message="expected:&lt;12&gt; but was:&lt;0&gt;" type="junit.framework.AssertionFailedError">junit.framework.AssertionFailedError: expected:&lt;12&gt; but was:&lt;0&gt;
	at junit.framework.Assert.fail(Assert.java:50)
	at junit.framework.Assert.failNotEquals(Assert.java:287)
	at junit.framework.Assert.assertEquals(Assert.java:67)
	at junit.framework.Assert.assertEquals(Assert.java:199)
	at junit.framework.Assert.assertEquals(Assert.java:205)
	at com.apiumtech.spider.agent.AgentPaginasAmarillasEnterpriseEsTest.test_parseURL_paginasamarillasUrl_(AgentPaginasAmarillasEnterpriseEsTest.java:42)
</failure>
    <system-out>getRequest error: class(class java.io.IOException), message(Unable to create folder [/home/fjhidalgo/workspace/spider/src/test/resources/spider/cachefolder]), url(http://www.paginasamarillas.es/search/buceo/all-ma/all-pr/all-is/all-ci/all-ba/all-pu/all-nc/1)
</system-out>
  </testcase>
  <testcase time="0" classname="com.apiumtech.spider.si.AgentSiRSS_Test" name="test_Name"/>
  <testcase time="0.056" classname="com.apiumtech.spider.si.AgentSiRSS_Test" name="test_getRequest_"/>
  <testcase time="0.061" classname="com.apiumtech.spider.si.AgentSiRSS_Test" name="test_start_feedRootPage"/>
  <testcase time="0" classname="com.apiumtech.spider.agent.AgentsManagerTest" name="testRun"/>
  <testcase time="0" classname="com.apiumtech.spider.agent.AgentsManagerTest" name="testStopAgentsManager"/>
  <testcase time="0" classname="com.apiumtech.spider.HttpDownloaderTest" name="testGetProxy"/>
  <testcase time="0.784" classname="com.apiumtech.spider.HttpDownloaderTest" name="testGetRequest"/>
  <testcase time="0" classname="com.apiumtech.spider.HttpDownloaderTest" name="testGetRequestBinary"/>
  <testcase time="0" classname="com.apiumtech.spider.HttpDownloaderTest" name="testIsInCache"/>
  <testcase time="0" classname="com.apiumtech.spider.HttpDownloaderTest" name="testPostRequest"/>
  <testcase time="0" classname="com.apiumtech.spider.HttpDownloaderTest" name="testSetProxy"/>
  <testcase time="0" classname="com.apiumtech.spider.HttpDownloaderTest" name="test_getCacheFileName_url_parsedUrlWritebleToFile"/>
  <testcase time="0.001" classname="com.apiumtech.spider.parser.PaginasAmarillasFichaParserTest" name="testGetTitleFromPAHtml"/>
  <testcase time="0" classname="com.apiumtech.spider.parser.PaginasAmarillasFichaParserTest" name="testParseTxtToHTml"/>
  <testcase time="0.001" classname="com.apiumtech.spider.parser.PaginasAmarillasFichaParserTest" name="test_getAddressFromPAHtml"/>
  <testcase time="0.005" classname="com.apiumtech.spider.parser.PaginasAmarillasFichaParserTest" name="test_getEnterpriseDataFromPAHtml"/>
  <testcase time="0" classname="com.apiumtech.spider.parser.PaginasAmarillasFichaParserTest" name="test_getEnterpriseIdPAHtml"/>
  <testcase time="0" classname="com.apiumtech.spider.parser.PaginasAmarillasFichaParserTest" name="test_getLocalityFromPAHtml"/>
  <testcase time="0.001" classname="com.apiumtech.spider.parser.PaginasAmarillasFichaParserTest" name="test_getParamsFromPAHtml"/>
  <testcase time="0.001" classname="com.apiumtech.spider.parser.PaginasAmarillasFichaParserTest" name="test_getPhoneDataFromPAHtml"/>
  <testcase time="0" classname="com.apiumtech.spider.parser.PaginasAmarillasFichaParserTest" name="test_getPostalCodeFromPAHtml"/>
  <testcase time="0" classname="com.apiumtech.spider.parser.PaginasAmarillasFichaParserTest" name="test_getRegionFromPAHtml"/>
  <testcase time="0" classname="com.apiumtech.spider.parser.SeccionAmarillaMeFichaParserTest" name="testParseTxtToHTml"/>
  <testcase time="0" classname="com.apiumtech.spider.parser.SeccionAmarillaMeFichaParserTest" name="test_getAddressFromPAHtml"/>
  <testcase time="0" classname="com.apiumtech.spider.parser.SeccionAmarillaMeFichaParserTest" name="test_getCategoriaFromPAHtml"/>
  <testcase time="0" classname="com.apiumtech.spider.parser.SeccionAmarillaMeFichaParserTest" name="test_getLocalityFromPAHtml"/>
  <testcase time="0" classname="com.apiumtech.spider.parser.SeccionAmarillaMeFichaParserTest" name="test_getPhoneFromPAHtml"/>
  <testcase time="0.001" classname="com.apiumtech.spider.parser.SeccionAmarillaMeFichaParserTest" name="test_getPostalCodeFromPAHtml"/>
  <testcase time="0" classname="com.apiumtech.spider.parser.SeccionAmarillaMeFichaParserTest" name="test_getTitleFromPAHtml"/>
  <testcase time="0.002" classname="com.apiumtech.spider.util.SpiderGettedFileTest" name="test_createCSVfromGettedFolder">
    <failure type="java.lang.NullPointerException">java.lang.NullPointerException
	at com.apiumtech.spider.util.SpiderGettedFile.getDataFromGettedFolder(SpiderGettedFile.java:67)
	at com.apiumtech.spider.util.SpiderGettedFile.createCSVfromGettedFolder(SpiderGettedFile.java:90)
	at com.apiumtech.spider.util.SpiderGettedFileTest.test_createCSVfromGettedFolder(SpiderGettedFileTest.java:71)
</failure>
  </testcase>
  <testcase time="0.002" classname="com.apiumtech.spider.util.SpiderGettedFileTest" name="test_getDataFromGettedFolder">
    <failure type="java.lang.NullPointerException">java.lang.NullPointerException
	at com.apiumtech.spider.util.SpiderGettedFile.getDataFromGettedFolder(SpiderGettedFile.java:67)
	at com.apiumtech.spider.util.SpiderGettedFileTest.test_getDataFromGettedFolder(SpiderGettedFileTest.java:64)
</failure>
  </testcase>
  <testcase time="0.001" classname="com.apiumtech.spider.util.SpiderGettedFileTest" name="test_parseFaxNumber_"/>
  <testcase time="0" classname="com.apiumtech.spider.util.SpiderGettedFileTest" name="test_parseFaxNumber_"/>
  <testcase time="0" classname="com.apiumtech.spider.util.SpiderGettedFileTest" name="test_parseFaxNumber_"/>
  <testcase time="0" classname="com.apiumtech.spider.util.SpiderGettedFileTest" name="test_parseFaxNumber_"/>
  <testcase time="0.001" classname="com.apiumtech.spider.util.SpiderGettedFileTest" name="test_parseFaxNumber_"/>
  <testcase time="0.001" classname="com.apiumtech.spider.util.SpiderGettedFileTest" name="test_parseFaxNumber_"/>
  <testcase time="8.08" classname="com.apiumtech.spider.SpiderGutenbergTest" name="test_do"/>
  <testcase time="10.367" classname="com.apiumtech.spider.si.SpiderSiRSS_Test" name="test_getNewsFromRSSserver_foxRSS_searchRSSfeeds"/>
</testsuite>