-------------------------------------------------------------------------------
Test set: TestSuite
-------------------------------------------------------------------------------
Tests run: 41, Failures: 3, Errors: 0, Skipped: 0, Time elapsed: 37.743 sec <<< FAILURE!
test_parseURL_paginasamarillasUrl_(com.apiumtech.spider.agent.AgentPaginasAmarillasEnterpriseEsTest)  Time elapsed: 3.043 sec  <<< FAILURE!
junit.framework.AssertionFailedError: expected:<12> but was:<0>
	at junit.framework.Assert.fail(Assert.java:50)
	at junit.framework.Assert.failNotEquals(Assert.java:287)
	at junit.framework.Assert.assertEquals(Assert.java:67)
	at junit.framework.Assert.assertEquals(Assert.java:199)
	at junit.framework.Assert.assertEquals(Assert.java:205)
	at com.apiumtech.spider.agent.AgentPaginasAmarillasEnterpriseEsTest.test_parseURL_paginasamarillasUrl_(AgentPaginasAmarillasEnterpriseEsTest.java:42)

test_createCSVfromGettedFolder(com.apiumtech.spider.util.SpiderGettedFileTest)  Time elapsed: 0.002 sec  <<< FAILURE!
java.lang.NullPointerException
	at com.apiumtech.spider.util.SpiderGettedFile.getDataFromGettedFolder(SpiderGettedFile.java:67)
	at com.apiumtech.spider.util.SpiderGettedFile.createCSVfromGettedFolder(SpiderGettedFile.java:90)
	at com.apiumtech.spider.util.SpiderGettedFileTest.test_createCSVfromGettedFolder(SpiderGettedFileTest.java:71)

test_getDataFromGettedFolder(com.apiumtech.spider.util.SpiderGettedFileTest)  Time elapsed: 0.001 sec  <<< FAILURE!
java.lang.NullPointerException
	at com.apiumtech.spider.util.SpiderGettedFile.getDataFromGettedFolder(SpiderGettedFile.java:67)
	at com.apiumtech.spider.util.SpiderGettedFileTest.test_getDataFromGettedFolder(SpiderGettedFileTest.java:64)

